C51 COMPILER V9.60.7.0   MAIN                                                              09/23/2024 22:01:43 PAGE 1   


C51 COMPILER V9.60.7.0, COMPILATION OF MODULE MAIN
OBJECT MODULE PLACED IN .\Objects\main.obj
COMPILER INVOKED BY: C:\Keil_v5\C51\BIN\C51.EXE main.c OPTIMIZE(8,SPEED) BROWSE DEBUG OBJECTEXTEND PRINT(.\Listings\main
                    -.lst) TABS(2) OBJECT(.\Objects\main.obj)

line level    source

   1          #include "main.h"
   2          #include "C:\Users\dellc\Downloads\TT_KTVTCMT\tu_hoc_yt\giao_tiep_lcd_4_bit\Bai018\Bai018\Lib\LCD4.h"
   3          
   4          
   5          void main(){
   6   1      
   7   1        Lcd_Init();
   8   1        Lcd_Chr(1,4,'H');
   9   1        Lcd_Chr_Cp('i');
  10   1        Lcd_Cmd(_LCD_CLEAR);
  11   1        Lcd_Out(2,4,"HUONG");
  12   1        Lcd_Out_Cp("HOANG");
  13   1             while(1){
  14   2      
  15   2            }
  16   1      }


MODULE INFORMATION:   STATIC OVERLAYABLE
   CODE SIZE        =     46    ----
   CONSTANT SIZE    =     12    ----
   XDATA SIZE       =   ----    ----
   PDATA SIZE       =   ----    ----
   DATA SIZE        =   ----    ----
   IDATA SIZE       =   ----    ----
   BIT SIZE         =   ----    ----
END OF MODULE INFORMATION.


C51 COMPILATION COMPLETE.  0 WARNING(S),  0 ERROR(S)
