C51 COMPILER V9.60.7.0   MAIN                                                              09/24/2024 22:30:12 PAGE 1   


C51 COMPILER V9.60.7.0, COMPILATION OF MODULE MAIN
OBJECT MODULE PLACED IN .\Objects\main.obj
COMPILER INVOKED BY: C:\Keil_v5\C51\BIN\C51.EXE main.c OPTIMIZE(8,SPEED) BROWSE DEBUG OBJECTEXTEND PRINT(.\Listings\main
                    -.lst) TABS(2) OBJECT(.\Objects\main.obj)

line level    source

   1          #include"main.h"
   2          #include"C:\Users\dellc\Downloads\TT_KTVTCMT\lib\delay.h"
   3          
   4          // khai bao ket noi
   5          //sbit D1 = P0^0;
   6          //sbit V1 = P0^1;
   7          //sbit S1 = P0^2;
   8          //sbit D2 = P0^3;
   9          //sbit V2 = P0^4;
  10          //sbit S2 = P0^5;
  11          
  12          sbit led1chuc = P1^0;
  13          sbit led1dvi = P1^1;
  14          sbit led2chuc = P1^2;
  15          sbit led2dvi = P1^3;
  16          
  17          #define led1 P2
  18          #define led2 P3
  19          
  20          unsigned char code so[]={0xC0, 0xF9, 0xA4, 0xB0, 0x99, 0x92,0x82, 0xF8, 0x80, 0x90};
  21          
  22          //void ct_dem_lui_led1(unsigned char count){
  23          //    unsigned char dem, chuc, dvi;
  24          //    unsigned int i;
  25          //    dem  = count;
  26          //      for(dem = count; dem>=0; dem--){
  27          //      chuc = dem/10;
  28          //      dvi = dem%10;
  29          //      if(dem == 0){
  30          //      dem = count + 1;
  31          //      }
  32          //      for(i=0; i<5; i++){
  33          //        led1 = so[chuc];
  34          //        led1chuc = 1;
  35          //        delay(50);
  36          //        led1chuc = 0;
  37          //        
  38          //        // dvi
  39          //        led1 = so[dvi];
  40          //        led1dvi = 1;
  41          //        delay(50);
  42          //        led1dvi = 0;  
  43          //        
  44          //      }
  45          //      
  46          //      }
  47          //}
  48          
  49          //void ct_dem_lui_led2(unsigned char count){
  50          //    unsigned char dem, chuc, dvi;
  51          //    unsigned int i;
  52          //    dem  = count;
  53          //      for(dem = count; dem>=0; dem--){
  54          //      chuc = dem/10;
C51 COMPILER V9.60.7.0   MAIN                                                              09/24/2024 22:30:12 PAGE 2   

  55          //      dvi = dem%10;
  56          //      if(dem == 0){
  57          //      dem = count + 1;
  58          //      }
  59          //      for(i=0; i<5; i++){
  60          //        led2 = so[chuc];
  61          //        led2chuc = 1;
  62          //        delay(50);
  63          //        led2chuc = 0;
  64          //        
  65          //        // dvi
  66          //        led2 = so[dvi];
  67          //        led2dvi = 1;
  68          //        delay(50);
  69          //        led2dvi = 0;  
  70          //        
  71          //      }
  72          //      
  73          //      }
  74          //}
  75          
  76          
  77          
  78          
  79          void main(){
  80   1      // lap trinh den giao thong: Do 30s, vang:5s, xanh:25s
  81   1      
  82   1        
  83   1             while(1){
  84   2      //ct_dem_lui_led1(30);
  85   2      //ct_dem_lui_led2(20);
  86   2      
  87   2      
  88   2          unsigned char dem, chuc, dvi;
  89   2          unsigned int i;
  90   2          dem  = 30;
  91   2          
  92   2            for(dem = 30; dem>=0; dem--){
  93   3            chuc = dem/10;
  94   3            dvi = dem%10;
  95   3            if(dem == 0){
  96   4            dem = 30 + 1;
  97   4            }
  98   3            for(i=0; i<5; i++){
  99   4              led1 = so[chuc];
 100   4              led1chuc = 1;
 101   4              delay(50);
 102   4              led1chuc = 0;
 103   4              
 104   4              // dvi
 105   4              led1 = so[dvi];
 106   4              led1dvi = 1;
 107   4              delay(50);
 108   4              led1dvi = 0;  
 109   4              
 110   4            }
 111   3            
 112   3            }
 113   2            
 114   2            }
 115   1      }

C51 COMPILER V9.60.7.0   MAIN                                                              09/24/2024 22:30:12 PAGE 3   


MODULE INFORMATION:   STATIC OVERLAYABLE
   CODE SIZE        =    101    ----
   CONSTANT SIZE    =     10    ----
   XDATA SIZE       =   ----    ----
   PDATA SIZE       =   ----    ----
   DATA SIZE        =   ----       5
   IDATA SIZE       =   ----    ----
   BIT SIZE         =   ----    ----
END OF MODULE INFORMATION.


C51 COMPILATION COMPLETE.  0 WARNING(S),  0 ERROR(S)
