C51 COMPILER V9.60.7.0   MAIN                                                              09/16/2024 21:26:06 PAGE 1   


C51 COMPILER V9.60.7.0, COMPILATION OF MODULE MAIN
OBJECT MODULE PLACED IN .\Objects\main.obj
COMPILER INVOKED BY: C:\Keil_v5\C51\BIN\C51.EXE main.c OPTIMIZE(8,SPEED) BROWSE DEBUG OBJECTEXTEND PRINT(.\Listings\main
                    -.lst) TABS(2) OBJECT(.\Objects\main.obj)

line level    source

   1          #include "main.h"
   2          #include "port.h"
   3          
   4          
   5          
   6          void main(){
   7   1              led = 0 ;   
   8   1             while(1){
   9   2              
  10   2              if(on == 0){
  11   3              led = 1 ;
  12   3              }
  13   2              else if(off == 0){
  14   3              led = 0;
  15   3              }
  16   2              
  17   2                     }
  18   1      }


MODULE INFORMATION:   STATIC OVERLAYABLE
   CODE SIZE        =     16    ----
   CONSTANT SIZE    =   ----    ----
   XDATA SIZE       =   ----    ----
   PDATA SIZE       =   ----    ----
   DATA SIZE        =   ----    ----
   IDATA SIZE       =   ----    ----
   BIT SIZE         =   ----    ----
END OF MODULE INFORMATION.


C51 COMPILATION COMPLETE.  0 WARNING(S),  0 ERROR(S)
