C51 COMPILER V9.60.7.0   MAIN                                                              09/28/2024 22:45:03 PAGE 1   


C51 COMPILER V9.60.7.0, COMPILATION OF MODULE MAIN
OBJECT MODULE PLACED IN .\Objects\main.obj
COMPILER INVOKED BY: C:\Keil_v5\C51\BIN\C51.EXE main.c OPTIMIZE(8,SPEED) BROWSE DEBUG OBJECTEXTEND PRINT(.\Listings\main
                    -.lst) TABS(2) OBJECT(.\Objects\main.obj)

line level    source

   1          #include <reg51.h>
   2          #include "C:\Users\dellc\Downloads\TT_KTVTCMT\lib\delay.h"
   3          sbit LED1 = P2^0; 
   4          sbit LED2 = P2^1; 
   5          sbit LED3 = P2^2;
   6          sbit LED4 = P2^3; 
   7          
   8          unsigned char code seg[] = {0xC0, 0xF9, 0xA4, 0xB0, 0x99, 0x92, 0x82, 0xF8, 0x80, 0x90}; 
   9          
  10          void display(unsigned int left, unsigned int right) {
  11   1          unsigned char i, digit1, digit2, digit3, digit4;
  12   1      
  13   1          digit1 = right % 10;
  14   1          right = right / 10;
  15   1          digit2 = right % 10;
  16   1          digit3 = left % 10;
  17   1          left = left / 10;
  18   1          digit4 = left % 10;
  19   1      
  20   1      for(i=0; i=50; i++){
*** WARNING C276 IN LINE 20 OF main.c: constant in condition expression
  21   2          P0 = seg[digit4];
  22   2          LED1 = 0;
  23   2          delay(1);
  24   2          LED1 = 1;
  25   2      
  26   2      
  27   2          P0 = seg[digit3];
  28   2          LED2 = 0;
  29   2          delay(1);
  30   2          LED2 = 1;
  31   2      
  32   2          P0 = seg[digit2];
  33   2          LED3 = 0;
  34   2          delay(1);
  35   2          LED3 = 1;
  36   2      
  37   2          P0 = seg[digit1];
  38   2          LED4 = 0;
  39   2          delay(1);
  40   2          LED4 = 1;
  41   2        } 
  42   1      }
  43          
  44          void main() {
  45   1          unsigned int left_count = 30;
  46   1          unsigned int right_count = 10;
  47   1      
  48   1          while (1) {
  49   2              display(left_count, right_count);
  50   2      
  51   2              if (right_count == 0) {
  52   3                  right_count = 10;
  53   3                  if (left_count > 0) {
C51 COMPILER V9.60.7.0   MAIN                                                              09/28/2024 22:45:03 PAGE 2   

  54   4                      left_count--;
  55   4                  }
  56   3              } else {
  57   3                  right_count--;
  58   3              }
  59   2      delay(100);
  60   2          }
  61   1      }


MODULE INFORMATION:   STATIC OVERLAYABLE
   CODE SIZE        =    240    ----
   CONSTANT SIZE    =     10    ----
   XDATA SIZE       =   ----    ----
   PDATA SIZE       =   ----    ----
   DATA SIZE        =   ----      11
   IDATA SIZE       =   ----    ----
   BIT SIZE         =   ----    ----
END OF MODULE INFORMATION.


C51 COMPILATION COMPLETE.  1 WARNING(S),  0 ERROR(S)
