C51 COMPILER V9.60.7.0   MAIN                                                              09/23/2024 23:10:22 PAGE 1   


C51 COMPILER V9.60.7.0, COMPILATION OF MODULE MAIN
OBJECT MODULE PLACED IN .\Objects\main.obj
COMPILER INVOKED BY: C:\Keil_v5\C51\BIN\C51.EXE main.c OPTIMIZE(8,SPEED) BROWSE DEBUG OBJECTEXTEND PRINT(.\Listings\main
                    -.lst) TABS(2) OBJECT(.\Objects\main.obj)

line level    source

   1          #include "main.h"
   2          #include "C:\Users\dellc\Downloads\TT_KTVTCMT\tu_hoc_yt\dong_ho_real_time_th\Bai019 (1)\Bai019\Lib\Lcd4.h"
   3          #include "C:\Users\dellc\Downloads\TT_KTVTCMT\tu_hoc_yt\dong_ho_real_time_th\Bai019 (1)\Bai019\Lib\Rtc_Ds1
             -307.h"
   4          #include "C:\Users\dellc\Downloads\TT_KTVTCMT\tu_hoc_yt\dong_ho_real_time_th\Bai019 (1)\Bai019\Lib\Soft_I2
             -C.h"
   5          void main(){
   6   1          unsigned char hour, minute, second, mode, day, date, month, year, old_second;
   7   1          Soft_I2c_Init();
   8   1          Ds1307_Init();
   9   1          Lcd_Init();
  10   1          
  11   1          
  12   1          while(1){
  13   2          Ds1307_Read_Time(&hour, &minute, &second, &mode);
  14   2          if(old_second!=second){
  15   3          old_second=second;
  16   3          Lcd_Chr(1,5,hour/10+0x30);
  17   3          Lcd_Chr_Cp(hour%10+0x30);
  18   3          Lcd_Chr_Cp(':');
  19   3          
  20   3          Lcd_Chr_Cp(minute/10+0x30);
  21   3          Lcd_Chr_Cp(minute%10+0x30);
  22   3          Lcd_Chr_Cp(':');
  23   3          Lcd_Chr_Cp(second/10+0x30);
  24   3          Lcd_Chr_Cp(second%10+0x30);
  25   3          
  26   3          }
  27   2            }
  28   1      }
*** WARNING C280 IN LINE 6 OF main.c: 'day': unreferenced local variable
*** WARNING C280 IN LINE 6 OF main.c: 'date': unreferenced local variable
*** WARNING C280 IN LINE 6 OF main.c: 'month': unreferenced local variable
*** WARNING C280 IN LINE 6 OF main.c: 'year': unreferenced local variable


MODULE INFORMATION:   STATIC OVERLAYABLE
   CODE SIZE        =    149    ----
   CONSTANT SIZE    =   ----    ----
   XDATA SIZE       =   ----    ----
   PDATA SIZE       =   ----    ----
   DATA SIZE        =   ----       9
   IDATA SIZE       =   ----    ----
   BIT SIZE         =   ----    ----
END OF MODULE INFORMATION.


C51 COMPILATION COMPLETE.  4 WARNING(S),  0 ERROR(S)
