C51 COMPILER V9.60.7.0   MAIN                                                              09/23/2024 12:03:02 PAGE 1   


C51 COMPILER V9.60.7.0, COMPILATION OF MODULE MAIN
OBJECT MODULE PLACED IN .\Objects\main.obj
COMPILER INVOKED BY: C:\Keil_v5\C51\BIN\C51.EXE main.c OPTIMIZE(8,SPEED) BROWSE DEBUG OBJECTEXTEND PRINT(.\Listings\main
                    -.lst) TABS(2) OBJECT(.\Objects\main.obj)

line level    source

   1          #include "main.h"
   2          #include "C:\Users\dellc\Downloads\TT_KTVTCMT\lib\delay.h"
   3          
   4          // khai bao cac chan LCD
   5          sbit RS = P2^0;
   6          sbit E = P2^1;
   7          #define data  P3
   8          void lcd_cmd(unsigned char cmd){
   9   1        RS = 0;
  10   1        data = cmd; // truyen lenh
  11   1        E = 0;
  12   1        E = 1;
  13   1        delay(2);
  14   1      }
  15          void chu(char c){
  16   1        RS = 1;
  17   1        data = c; // truyen lenh
  18   1        E = 0;
  19   1        E = 1;
  20   1        delay(2);
  21   1      }
  22          void chuoi(char *str){
  23   1        unsigned char i = 0 ; // chuoi cuoi ky tu la \n nen phai cho !=0
  24   1        while(str[i]!=0){
  25   2        chu(str[i]);
  26   2        i++;
  27   2        }
  28   1      }
  29          void lcd_initial(){
  30   1        lcd_cmd(0x30);
  31   1        delay(5);
  32   1        lcd_cmd(0x30);
  33   1        delay(1);
  34   1        lcd_cmd(0x30);
  35   1      
  36   1        lcd_cmd(0x38);  // so dong hien thi:2 form:5x8
  37   1        lcd_cmd(0x01);  // xoa toan bo nd hien thi
  38   1        lcd_cmd(0x0C);  // bat LCD va tat con tro
  39   1      
  40   1      }
  41          
  42          // ham xuat ky tu ra mot vi tri chi dinh
  43          void chu_vt(unsigned char row, unsigned char col, char c){
  44   1        unsigned char cmd;
  45   1        // di chuyen con tro den vi tr chi dinh
  46   1        cmd = (row==1?0x80:0xC0) + col - 1;
  47   1        lcd_cmd(cmd);
  48   1        // xuat chu
  49   1        chu(c);
  50   1      }
  51          
  52          // ham xuat chuoi ra mot vi tri chi dinh
  53          void chuoi_vt(unsigned char row, unsigned char col, char *str){
  54   1        unsigned char cmd;
C51 COMPILER V9.60.7.0   MAIN                                                              09/23/2024 12:03:02 PAGE 2   

  55   1        // di chuyen con tro den vi tr chi dinh
  56   1        cmd = (row==1?0x80:0xC0) + col - 1;
  57   1        lcd_cmd(cmd);
  58   1        
  59   1        chuoi(str);
  60   1      }
  61          
  62          void main(){
  63   1            lcd_initial();
  64   1      
  65   1            chuoi_vt(2,5,"HUONG DZ");
  66   1            
  67   1      //      chuoi("123456789123456789");
  68   1      //      lcd_cmd(0xC0);
  69   1      //      chuoi("HOANG DUY HUONG");
  70   1             while(1){
  71   2             
  72   2            }
  73   1      }


MODULE INFORMATION:   STATIC OVERLAYABLE
   CODE SIZE        =    181    ----
   CONSTANT SIZE    =      9    ----
   XDATA SIZE       =   ----    ----
   PDATA SIZE       =   ----    ----
   DATA SIZE        =   ----       8
   IDATA SIZE       =   ----    ----
   BIT SIZE         =   ----    ----
END OF MODULE INFORMATION.


C51 COMPILATION COMPLETE.  0 WARNING(S),  0 ERROR(S)
