C51 COMPILER V9.60.7.0   MAI                                                               09/17/2024 10:08:30 PAGE 1   


C51 COMPILER V9.60.7.0, COMPILATION OF MODULE MAI
OBJECT MODULE PLACED IN .\Objects\mai.obj
COMPILER INVOKED BY: C:\Keil_v5\C51\BIN\C51.EXE mai.c OPTIMIZE(8,SPEED) BROWSE DEBUG OBJECTEXTEND PRINT(.\Listings\mai.l
                    -st) TABS(2) OBJECT(.\Objects\mai.obj)

line level    source

   1          #include "main.h"
   2          #include "C:\Users\dellc\Downloads\TT KIEN TRUC VA TO CHUC MAY TINH\TT KT V TCMT\lib\delay.h"
   3          #define led P2
   4          
   5          void sangtatled(){
   6   1          unsigned char i;
   7   1          led = 0x00;
   8   1          for(i=0; i<8; i++){
   9   2            led = (led<<1) | 0x01;
  10   2            delay(200);
  11   2            }
  12   1          for(i=0; i<8; i++){
  13   2            led = (led<<1);
  14   2            delay(200);
  15   2          }
  16   1      
  17   1      }
  18          void sang_xen_ke(){
  19   1          unsigned char i;
  20   1          for(i=0; i<10; i++){
  21   2          led = 0x55;
  22   2            delay(200);
  23   2          led = 0xAA;
  24   2            delay(200);
  25   2          }
  26   1      
  27   1      }
  28          void main(){
  29   1        while(1){
  30   2          sangtatled();
  31   2          sang_xen_ke();
  32   2        }
  33   1      }
  34          
  35          
  36          


MODULE INFORMATION:   STATIC OVERLAYABLE
   CODE SIZE        =     96    ----
   CONSTANT SIZE    =   ----    ----
   XDATA SIZE       =   ----    ----
   PDATA SIZE       =   ----    ----
   DATA SIZE        =   ----       2
   IDATA SIZE       =   ----    ----
   BIT SIZE         =   ----    ----
END OF MODULE INFORMATION.


C51 COMPILATION COMPLETE.  0 WARNING(S),  0 ERROR(S)
