C51 COMPILER V9.60.7.0   MAIN                                                              09/17/2024 10:10:21 PAGE 1   


C51 COMPILER V9.60.7.0, COMPILATION OF MODULE MAIN
OBJECT MODULE PLACED IN .\Objects\main.obj
COMPILER INVOKED BY: C:\Keil_v5\C51\BIN\C51.EXE main.c OPTIMIZE(8,SPEED) BROWSE DEBUG OBJECTEXTEND PRINT(.\Listings\main
                    -.lst) TABS(2) OBJECT(.\Objects\main.obj)

line level    source

   1          #include <main.h>
   2          #include "C:\Users\dellc\Downloads\TT KIEN TRUC VA TO CHUC MAY TINH\TT KT V TCMT\lib\delay.h"
   3          
   4          unsigned char code code7segac[]= { 0xC0, 0xF9, 0xA4, 0xB0, 0x99, 0x92, 0x82, 0xF8, 0x80, 0x90 };
   5          
   6          void main(){
   7   1            unsigned char i;
   8   1             while(1){
   9   2            for(i=0; i<10;i++){
  10   3            P2 = code7segac[i];
  11   3            delay(1000);
  12   3            }
  13   2            }
  14   1      }


MODULE INFORMATION:   STATIC OVERLAYABLE
   CODE SIZE        =     29    ----
   CONSTANT SIZE    =     10    ----
   XDATA SIZE       =   ----    ----
   PDATA SIZE       =   ----    ----
   DATA SIZE        =   ----       1
   IDATA SIZE       =   ----    ----
   BIT SIZE         =   ----    ----
END OF MODULE INFORMATION.


C51 COMPILATION COMPLETE.  0 WARNING(S),  0 ERROR(S)
